<?xml version="1.0" encoding="UTF-8"?>
<!-- Generated by org.testng.reporters.JUnitReportReporter -->
<testsuite hostname="DESKTOP-IHIJH93" failures="0" tests="1" name="Practice.HeadlessExecution" time="10.368" errors="0" timestamp="2023-01-04T13:10:34 IST" skipped="0">
  <testcase classname="Practice.HeadlessExecution" name="headlessExe" time="10.368"/>
  <system-out/>
</testsuite> <!-- Practice.HeadlessExecution -->
